<?xml version="1.0" encoding="UTF-8"?>
<!-- Generated by org.testng.reporters.JUnitXMLReporter -->
<testsuite hostname="LAPTOP-Amit" ignored="0" name="Test" tests="5" failures="0" timestamp="2022-01-05T18:43:24 IST" time="43.295" errors="0">
  <testcase name="validateLogin" time="8.871" classname="HomepageTest.LoginPageTest"/>
  <testcase name="validateLogin" time="8.479" classname="HomepageTest.LoginPageTest"/>
  <testcase name="validateloginpageTitle" time="0.029" classname="HomepageTest.LoginPageTest"/>
  <testcase name="Homenevigation" time="4.534" classname="HomepageTest.HomepageTest"/>
  <testcase name="validateLoginClick" time="4.775" classname="HomepageTest.HomepageTest"/>
</testsuite> <!-- Test -->
