<?xml version="1.0" encoding="UTF-8"?>
<testng-results skipped="0" failed="2" ignored="0" total="5" passed="3">
  <reporter-output>
  </reporter-output>
  <suite name="Suite" duration-ms="92300" started-at="2022-07-29T17:29:11 IST" finished-at="2022-07-29T17:30:44 IST">
    <groups>
    </groups>
    <test name="Test" duration-ms="92300" started-at="2022-07-29T17:29:11 IST" finished-at="2022-07-29T17:30:44 IST">
      <class name="com.TestCases.LoginPageTest">
        <test-method status="PASS" signature="setup()[pri:0, instance:com.TestCases.LoginPageTest@3e58a80e]" name="setup" is-config="true" duration-ms="20307" started-at="2022-07-29T17:29:37 IST" finished-at="2022-07-29T17:29:57 IST">
          <reporter-output>
          </reporter-output>
        </test-method> <!-- setup -->
        <test-method status="PASS" signature="validateLogin(java.lang.String,java.lang.String)[pri:0, instance:com.TestCases.LoginPageTest@3e58a80e]" name="validateLogin" duration-ms="9058" started-at="2022-07-29T17:29:59 IST" data-provider="getData" finished-at="2022-07-29T17:30:08 IST">
          <params>
            <param index="0">
              <value>
                <![CDATA[Shital@gmail.com]]>
              </value>
            </param>
            <param index="1">
              <value>
                <![CDATA[test@123]]>
              </value>
            </param>
          </params>
          <reporter-output>
          </reporter-output>
        </test-method> <!-- validateLogin -->
        <test-method status="PASS" signature="validateLogin(java.lang.String,java.lang.String)[pri:0, instance:com.TestCases.LoginPageTest@3e58a80e]" name="validateLogin" duration-ms="8774" started-at="2022-07-29T17:30:08 IST" data-provider="getData" finished-at="2022-07-29T17:30:17 IST">
          <params>
            <param index="0">
              <value>
                <![CDATA[Choudhari@123]]>
              </value>
            </param>
            <param index="1">
              <value>
                <![CDATA[sample@1223]]>
              </value>
            </param>
          </params>
          <reporter-output>
          </reporter-output>
        </test-method> <!-- validateLogin -->
        <test-method status="FAIL" signature="validateloginpageTitle()[pri:0, instance:com.TestCases.LoginPageTest@3e58a80e]" name="validateloginpageTitle" duration-ms="6" started-at="2022-07-29T17:30:17 IST" finished-at="2022-07-29T17:30:17 IST">
          <exception class="java.lang.NullPointerException">
            <full-stacktrace>
              <![CDATA[java.lang.NullPointerException
at Page.LoginPage.gettitle(LoginPage.java:36)
at com.TestCases.LoginPageTest.validateloginpageTitle(LoginPageTest.java:40)
at sun.reflect.NativeMethodAccessorImpl.invoke0(Native Method)
at sun.reflect.NativeMethodAccessorImpl.invoke(NativeMethodAccessorImpl.java:62)
at sun.reflect.DelegatingMethodAccessorImpl.invoke(DelegatingMethodAccessorImpl.java:43)
at java.lang.reflect.Method.invoke(Method.java:498)
at org.testng.internal.MethodInvocationHelper.invokeMethod(MethodInvocationHelper.java:133)
at org.testng.internal.TestInvoker.invokeMethod(TestInvoker.java:598)
at org.testng.internal.TestInvoker.invokeTestMethod(TestInvoker.java:173)
at org.testng.internal.MethodRunner.runInSequence(MethodRunner.java:46)
at org.testng.internal.TestInvoker$MethodInvocationAgent.invoke(TestInvoker.java:824)
at org.testng.internal.TestInvoker.invokeTestMethods(TestInvoker.java:146)
at org.testng.internal.TestMethodWorker.invokeTestMethods(TestMethodWorker.java:146)
at org.testng.internal.TestMethodWorker.run(TestMethodWorker.java:128)
at java.util.ArrayList.forEach(ArrayList.java:1259)
at org.testng.TestRunner.privateRun(TestRunner.java:794)
at org.testng.TestRunner.run(TestRunner.java:596)
at org.testng.SuiteRunner.runTest(SuiteRunner.java:377)
at org.testng.SuiteRunner.access$000(SuiteRunner.java:28)
at org.testng.SuiteRunner$SuiteWorker.run(SuiteRunner.java:418)
at org.testng.internal.thread.ThreadUtil.lambda$execute$0(ThreadUtil.java:64)
at java.util.concurrent.FutureTask.run(FutureTask.java:266)
at java.util.concurrent.ThreadPoolExecutor.runWorker(ThreadPoolExecutor.java:1149)
at java.util.concurrent.ThreadPoolExecutor$Worker.run(ThreadPoolExecutor.java:624)
at java.lang.Thread.run(Thread.java:748)
]]>
            </full-stacktrace>
          </exception> <!-- java.lang.NullPointerException -->
          <reporter-output>
          </reporter-output>
        </test-method> <!-- validateloginpageTitle -->
        <test-method status="PASS" signature="tearDown()[pri:0, instance:com.TestCases.LoginPageTest@3e58a80e]" name="tearDown" is-config="true" duration-ms="882" started-at="2022-07-29T17:30:43 IST" finished-at="2022-07-29T17:30:44 IST">
          <reporter-output>
          </reporter-output>
        </test-method> <!-- tearDown -->
      </class> <!-- com.TestCases.LoginPageTest -->
      <class name="com.TestCases.HomepageTest">
        <test-method status="PASS" signature="Homenevigation()[pri:0, instance:com.TestCases.HomepageTest@6379eb]" name="Homenevigation" is-config="true" duration-ms="25295" started-at="2022-07-29T17:29:11 IST" finished-at="2022-07-29T17:29:37 IST">
          <reporter-output>
          </reporter-output>
        </test-method> <!-- Homenevigation -->
        <test-method status="PASS" signature="Homenevigation()[pri:0, instance:com.TestCases.HomepageTest@6379eb]" name="Homenevigation" duration-ms="23515" started-at="2022-07-29T17:30:17 IST" finished-at="2022-07-29T17:30:41 IST">
          <reporter-output>
          </reporter-output>
        </test-method> <!-- Homenevigation -->
        <test-method status="FAIL" signature="validateLoginClick()[pri:0, instance:com.TestCases.HomepageTest@6379eb]" name="validateLoginClick" duration-ms="3" started-at="2022-07-29T17:30:41 IST" finished-at="2022-07-29T17:30:41 IST">
          <exception class="java.lang.NullPointerException">
            <full-stacktrace>
              <![CDATA[java.lang.NullPointerException
at com.TestCases.HomepageTest.validateLoginClick(HomepageTest.java:47)
at sun.reflect.NativeMethodAccessorImpl.invoke0(Native Method)
at sun.reflect.NativeMethodAccessorImpl.invoke(NativeMethodAccessorImpl.java:62)
at sun.reflect.DelegatingMethodAccessorImpl.invoke(DelegatingMethodAccessorImpl.java:43)
at java.lang.reflect.Method.invoke(Method.java:498)
at org.testng.internal.MethodInvocationHelper.invokeMethod(MethodInvocationHelper.java:133)
at org.testng.internal.TestInvoker.invokeMethod(TestInvoker.java:598)
at org.testng.internal.TestInvoker.invokeTestMethod(TestInvoker.java:173)
at org.testng.internal.MethodRunner.runInSequence(MethodRunner.java:46)
at org.testng.internal.TestInvoker$MethodInvocationAgent.invoke(TestInvoker.java:824)
at org.testng.internal.TestInvoker.invokeTestMethods(TestInvoker.java:146)
at org.testng.internal.TestMethodWorker.invokeTestMethods(TestMethodWorker.java:146)
at org.testng.internal.TestMethodWorker.run(TestMethodWorker.java:128)
at java.util.ArrayList.forEach(ArrayList.java:1259)
at org.testng.TestRunner.privateRun(TestRunner.java:794)
at org.testng.TestRunner.run(TestRunner.java:596)
at org.testng.SuiteRunner.runTest(SuiteRunner.java:377)
at org.testng.SuiteRunner.access$000(SuiteRunner.java:28)
at org.testng.SuiteRunner$SuiteWorker.run(SuiteRunner.java:418)
at org.testng.internal.thread.ThreadUtil.lambda$execute$0(ThreadUtil.java:64)
at java.util.concurrent.FutureTask.run(FutureTask.java:266)
at java.util.concurrent.ThreadPoolExecutor.runWorker(ThreadPoolExecutor.java:1149)
at java.util.concurrent.ThreadPoolExecutor$Worker.run(ThreadPoolExecutor.java:624)
at java.lang.Thread.run(Thread.java:748)
]]>
            </full-stacktrace>
          </exception> <!-- java.lang.NullPointerException -->
          <reporter-output>
          </reporter-output>
        </test-method> <!-- validateLoginClick -->
        <test-method status="PASS" signature="tearDown()[pri:0, instance:com.TestCases.HomepageTest@6379eb]" name="tearDown" is-config="true" duration-ms="1175" started-at="2022-07-29T17:30:42 IST" finished-at="2022-07-29T17:30:43 IST">
          <reporter-output>
          </reporter-output>
        </test-method> <!-- tearDown -->
      </class> <!-- com.TestCases.HomepageTest -->
    </test> <!-- Test -->
  </suite> <!-- Suite -->
</testng-results>
